Error with the tokens seen in the file. Incorrect token seen.
The expected token was: 11 but the token,string seen were: 12,predP
Error with the tokens seen in the file. Incorrect token seen.
The expected token was: 11 but the token,string seen were: 12,predP
Error with the tokens seen in the file. Incorrect token seen.
The expected token was: 11 but the token,string seen were: 12,x
Error with the tokens seen in the file. Incorrect token seen.
The expected token was: 11 but the token,string seen were: 12,y
Error with the tokens seen in the file. Incorrect token seen.
The expected token was: 11 but the token,string seen were: 10,)
Error with the tokens seen in the file. Incorrect token seen.
The expected token was: 11 but the token,string seen were: 12,predP
Error with the tokens seen in the file. Incorrect token seen.
The expected token was: 11 but the token,string seen were: 12,predP
Error with the tokens seen in the file. Incorrect token seen.
The expected token was: 11 but the token,string seen were: 12,z
Error with the tokens seen in the file. Incorrect token seen.
The expected token was: 11 but the token,string seen were: 12,y
Error with the tokens seen in the file. Incorrect token seen.
The expected token was: 11 but the token,string seen were: 10,)
Error with the tokens seen in the file. Incorrect token seen.
The expected token was: 11 but the token,string seen were: 10,)
Error with the tokens seen in the file. Incorrect token seen.
The expected token was: 11 but the token,string seen were: 10,)
Error with the tokens seen in the file. Incorrect token seen.
The expected token was: 10 but the token,string seen were: 12,x
Error with the tokens seen in the file. Incorrect token seen.
The expected token was: 11 but the token,string seen were: 12,x
Error with the tokens seen in the file. Incorrect token seen.
The expected token was: 11 but the token,string seen were: 14,GIBBERISH!
Error with the tokens seen in the file. Incorrect token seen.
The expected token was: 11 but the token,string seen were: 14,qwer5ty8(*&#@RY@#R*
Error with the tokens seen in the file. Incorrect token seen.
The expected token was: 12 but the token,string seen were: 14,foo1a
Error with the tokens seen in the file. Incorrect token seen.
The expected token was: 11 but the token,string seen were: 14,foo1a
Error with the tokens seen in the file. Incorrect token seen.
The expected token was: 11 but the token,string seen were: 12,b
Error with the tokens seen in the file. Incorrect token seen.
The expected token was: 11 but the token,string seen were: 10,)
Error with the tokens seen in the file. Incorrect token seen.
The expected token was: 11 but the token,string seen were: 10,)
Error with the tokens seen in the file. Incorrect token seen.
The expected token was: 11 but the token,string seen were: 10,)
